<?xml version="1.0" encoding="UTF-8"?>
<testsuite name="com.example.MiPrimerServidorWEb.MiPrimerServidorWEbApplicationTests" tests="1" skipped="0" failures="0" errors="0" timestamp="2026-06-02T23:04:33.924Z" hostname="DESKTOP-0OCF7NL" time="4.377">
  <properties/>
  <testcase name="contextLoads()" classname="com.example.MiPrimerServidorWEb.MiPrimerServidorWEbApplicationTests" time="1.021"/>
  <system-out><![CDATA[16:04:34.245 [Test worker] INFO org.springframework.test.context.support.AnnotationConfigContextLoaderUtils -- Could not detect default configuration classes for test class [com.example.MiPrimerServidorWEb.MiPrimerServidorWEbApplicationTests]: MiPrimerServidorWEbApplicationTests does not declare any static, non-private, non-final, nested classes annotated with @Configuration.
16:04:34.623 [Test worker] INFO org.springframework.boot.test.context.SpringBootTestContextBootstrapper -- Found @SpringBootConfiguration com.example.MiPrimerServidorWEb.MiPrimerServidorWEbApplication for test class com.example.MiPrimerServidorWEb.MiPrimerServidorWEbApplicationTests
16:04:34.844 [Test worker] INFO org.springframework.test.context.support.AnnotationConfigContextLoaderUtils -- Could not detect default configuration classes for test class [com.example.MiPrimerServidorWEb.MiPrimerServidorWEbApplicationTests]: MiPrimerServidorWEbApplicationTests does not declare any static, non-private, non-final, nested classes annotated with @Configuration.
16:04:34.848 [Test worker] INFO org.springframework.boot.test.context.SpringBootTestContextBootstrapper -- Found @SpringBootConfiguration com.example.MiPrimerServidorWEb.MiPrimerServidorWEbApplication for test class com.example.MiPrimerServidorWEb.MiPrimerServidorWEbApplicationTests

  .   ____          _            __ _ _
 /\\ / ___'_ __ _ _(_)_ __  __ _ \ \ \ \
( ( )\___ | '_ | '_| | '_ \/ _` | \ \ \ \
 \\/  ___)| |_)| | | | | || (_| |  ) ) ) )
  '  |____| .__|_| |_|_| |_\__, | / / / /
 =========|_|==============|___/=/_/_/_/

 :: Spring Boot ::                (v4.0.6)

2026-06-02T16:04:35.373-07:00  INFO 11656 --- [MiPrimerServidorWEb] [    Test worker] .e.M.MiPrimerServidorWEbApplicationTests : Starting MiPrimerServidorWEbApplicationTests using Java 25.0.1 with PID 11656 (started by gamae in C:\Users\gamae\Downloads\MiPrimerServidorWEb)
2026-06-02T16:04:35.375-07:00  INFO 11656 --- [MiPrimerServidorWEb] [    Test worker] .e.M.MiPrimerServidorWEbApplicationTests : No active profile set, falling back to 1 default profile: "default"
2026-06-02T16:04:36.652-07:00  INFO 11656 --- [MiPrimerServidorWEb] [    Test worker] o.s.b.w.a.WelcomePageHandlerMapping      : Adding welcome page: class path resource [static/index.html]
2026-06-02T16:04:37.249-07:00  INFO 11656 --- [MiPrimerServidorWEb] [    Test worker] .e.M.MiPrimerServidorWEbApplicationTests : Started MiPrimerServidorWEbApplicationTests in 2.284 seconds (process running for 4.779)
]]></system-out>
  <system-err><![CDATA[Mockito is currently self-attaching to enable the inline-mock-maker. This will no longer work in future releases of the JDK. Please add Mockito as an agent to your build as described in Mockito's documentation: https://javadoc.io/doc/org.mockito/mockito-core/latest/org.mockito/org/mockito/Mockito.html#0.3
WARNING: A Java agent has been loaded dynamically (C:\Users\gamae\.gradle\caches\modules-2\files-2.1\net.bytebuddy\byte-buddy-agent\1.17.8\f09415827a71be7ed621c7bd02550678f28bc81c\byte-buddy-agent-1.17.8.jar)
WARNING: If a serviceability tool is in use, please run with -XX:+EnableDynamicAgentLoading to hide this warning
WARNING: If a serviceability tool is not in use, please run with -Djdk.instrument.traceUsage for more information
WARNING: Dynamic loading of agents will be disallowed by default in a future release
]]></system-err>
</testsuite>
